<?xml version="1.0" encoding="UTF-8"?>
<!-- Generated by org.testng.reporters.JUnitReportReporter -->
<testsuite hostname="LT322" failures="0" tests="1" name="AmazonModules.NewTest" time="39.198" errors="0" timestamp="2022-06-27T16:39:19 IST" skipped="0">
  <testcase classname="AmazonModules.NewTest" name="mobileSearch" time="39.198"/>
  <system-out>
    <![CDATA[Navigated to mobile cataegory succesfully
Selected brand
Min 20k
Min 60k
Click Go
Sorted
Sorted:Price High to low]]>
  </system-out>
</testsuite> <!-- AmazonModules.NewTest -->
